15:19:02:859  INFO 16500 --- [restartedMain] c.c.c.ConfigServicePropertySourceLocator : Fetching config from server at : http://localhost:8888
15:19:03:021  INFO 16500 --- [restartedMain] c.c.c.ConfigServicePropertySourceLocator : Exception on Url - http://localhost:8888:org.springframework.web.client.ResourceAccessException: I/O error on GET request for "http://localhost:8888/business-service/default": Connection refused: no further information; nested exception is java.net.ConnectException: Connection refused: no further information. Will be trying the next url if available
15:19:03:022  WARN 16500 --- [restartedMain] c.c.c.ConfigServicePropertySourceLocator : Could not locate PropertySource: I/O error on GET request for "http://localhost:8888/business-service/default": Connection refused: no further information; nested exception is java.net.ConnectException: Connection refused: no further information
15:19:03:024  INFO 16500 --- [restartedMain] com.elm.business.BusinessApplication     : No active profile set, falling back to default profiles: default
15:19:03:988  INFO 16500 --- [restartedMain] .s.d.r.c.RepositoryConfigurationDelegate : Bootstrapping Spring Data JPA repositories in DEFAULT mode.
15:19:04:020  INFO 16500 --- [restartedMain] .s.d.r.c.RepositoryConfigurationDelegate : Finished Spring Data repository scanning in 17 ms. Found 0 JPA repository interfaces.
15:19:05:181  INFO 16500 --- [restartedMain] o.s.b.w.embedded.tomcat.TomcatWebServer  : Tomcat initialized with port(s): 10003 (http)
15:19:05:196  INFO 16500 --- [restartedMain] o.apache.catalina.core.StandardService   : Starting service [Tomcat]
15:19:05:196  INFO 16500 --- [restartedMain] org.apache.catalina.core.StandardEngine  : Starting Servlet engine: [Apache Tomcat/9.0.46]
15:19:05:373  INFO 16500 --- [restartedMain] o.a.c.c.C.[Tomcat].[localhost].[/]       : Initializing Spring embedded WebApplicationContext
15:19:05:374  INFO 16500 --- [restartedMain] w.s.c.ServletWebServerApplicationContext : Root WebApplicationContext: initialization completed in 2307 ms
15:19:06:260  INFO 16500 --- [restartedMain] o.s.b.d.a.OptionalLiveReloadServer       : LiveReload server is running on port 35729
15:19:06:323  INFO 16500 --- [restartedMain] o.s.b.w.embedded.tomcat.TomcatWebServer  : Tomcat started on port(s): 10003 (http) with context path ''
15:19:06:332  INFO 16500 --- [restartedMain] com.elm.business.BusinessApplication     : Started BusinessApplication in 4.747 seconds (JVM running for 5.943)
15:19:06:333  INFO 16500 --- [restartedMain] o.s.b.a.ApplicationAvailabilityBean      : Application availability state LivenessState changed to CORRECT
15:19:06:335  INFO 16500 --- [restartedMain] o.s.b.a.ApplicationAvailabilityBean      : Application availability state ReadinessState changed to ACCEPTING_TRAFFIC
15:19:35:691  INFO 16500 --- [http-nio-10003-exec-3] o.a.c.c.C.[Tomcat].[localhost].[/]       : Initializing Spring DispatcherServlet 'dispatcherServlet'
15:19:35:692  INFO 16500 --- [http-nio-10003-exec-3] o.s.web.servlet.DispatcherServlet        : Initializing Servlet 'dispatcherServlet'
15:19:35:694  INFO 16500 --- [http-nio-10003-exec-3] o.s.web.servlet.DispatcherServlet        : Completed initialization in 2 ms
15:19:35:794  INFO 16500 --- [http-nio-10003-exec-3] com.zaxxer.hikari.HikariDataSource       : HikariPool-1 - Starting...
15:19:36:389  INFO 16500 --- [http-nio-10003-exec-3] com.zaxxer.hikari.HikariDataSource       : HikariPool-1 - Start completed.
15:19:36:407 DEBUG 16500 --- [http-nio-10003-exec-3] c.e.b.m.B.listBusinessByOrderTypeId      : ==>  Preparing: select * from business where orderTypeId=? order by businessId 
15:19:36:468 DEBUG 16500 --- [http-nio-10003-exec-3] c.e.b.m.B.listBusinessByOrderTypeId      : ==> Parameters: 1(Integer)
15:19:36:610 DEBUG 16500 --- [http-nio-10003-exec-3] c.e.b.m.B.listBusinessByOrderTypeId      : <==      Total: 7
